-Xajruntimetarget:1.5
-encoding
UTF-8
-classpath
/Users/ijdotta/.m2/repository/org/aspectj/aspectjrt/1.9.8.RC1/aspectjrt-1.9.8.RC1.jar:/Users/ijdotta/UNS/repos/VyVS/Tarea-08-AspectJ/target/classes
-d
/Users/ijdotta/UNS/repos/VyVS/Tarea-08-AspectJ/target/classes
-s
/Users/ijdotta/UNS/repos/VyVS/Tarea-08-AspectJ/target/generated-sources/aspectj-maven-plugin
/Users/ijdotta/UNS/repos/VyVS/Tarea-08-AspectJ/src/main/java/aspectj/Supervisor.aj
/Users/ijdotta/UNS/repos/VyVS/Tarea-08-AspectJ/src/main/java/gui/Ventana_principal.java
/Users/ijdotta/UNS/repos/VyVS/Tarea-08-AspectJ/src/main/java/logica/visitors/proyectiles/VisitorProyectilJ.java
/Users/ijdotta/UNS/repos/VyVS/Tarea-08-AspectJ/src/main/java/logica/visitors/proyectiles/VisitorProyectilI.java
/Users/ijdotta/UNS/repos/VyVS/Tarea-08-AspectJ/src/main/java/logica/visitors/Visitor.java
/Users/ijdotta/UNS/repos/VyVS/Tarea-08-AspectJ/src/main/java/logica/visitors/jugador/VisitorJugador.java
/Users/ijdotta/UNS/repos/VyVS/Tarea-08-AspectJ/src/main/java/logica/visitors/infectados/VisitorBeta.java
/Users/ijdotta/UNS/repos/VyVS/Tarea-08-AspectJ/src/main/java/logica/visitors/infectados/VisitorAlpha.java
/Users/ijdotta/UNS/repos/VyVS/Tarea-08-AspectJ/src/main/java/logica/visitors/VisitorNulo.java
/Users/ijdotta/UNS/repos/VyVS/Tarea-08-AspectJ/src/main/java/logica/visitors/premios/VisitorPocion.java
/Users/ijdotta/UNS/repos/VyVS/Tarea-08-AspectJ/src/main/java/logica/visitors/premios/VisitorNormalizarInfectado.java
/Users/ijdotta/UNS/repos/VyVS/Tarea-08-AspectJ/src/main/java/logica/visitors/premios/VisitorAplicarCuarentena.java
/Users/ijdotta/UNS/repos/VyVS/Tarea-08-AspectJ/src/main/java/logica/visitors/premios/VisitorSuperArma.java
/Users/ijdotta/UNS/repos/VyVS/Tarea-08-AspectJ/src/main/java/logica/visitors/premios/VisitorCuarentena.java
/Users/ijdotta/UNS/repos/VyVS/Tarea-08-AspectJ/src/main/java/logica/Juego.java
/Users/ijdotta/UNS/repos/VyVS/Tarea-08-AspectJ/src/main/java/logica/niveles/NivelUno.java
/Users/ijdotta/UNS/repos/VyVS/Tarea-08-AspectJ/src/main/java/logica/niveles/NivelDos.java
/Users/ijdotta/UNS/repos/VyVS/Tarea-08-AspectJ/src/main/java/logica/niveles/Nivel.java
/Users/ijdotta/UNS/repos/VyVS/Tarea-08-AspectJ/src/main/java/logica/movimientos/MHorizontal.java
/Users/ijdotta/UNS/repos/VyVS/Tarea-08-AspectJ/src/main/java/logica/movimientos/MVertical.java
/Users/ijdotta/UNS/repos/VyVS/Tarea-08-AspectJ/src/main/java/logica/movimientos/Movimiento.java
/Users/ijdotta/UNS/repos/VyVS/Tarea-08-AspectJ/src/main/java/logica/factories/proyectiles/ProyectilJugadorFactory.java
/Users/ijdotta/UNS/repos/VyVS/Tarea-08-AspectJ/src/main/java/logica/factories/proyectiles/ProyectilFuerteFactory.java
/Users/ijdotta/UNS/repos/VyVS/Tarea-08-AspectJ/src/main/java/logica/factories/proyectiles/ProyectilInfectadoFactory.java
/Users/ijdotta/UNS/repos/VyVS/Tarea-08-AspectJ/src/main/java/logica/factories/jugador/JugadorFactory.java
/Users/ijdotta/UNS/repos/VyVS/Tarea-08-AspectJ/src/main/java/logica/factories/infectados/InfectadoBetaFactory.java
/Users/ijdotta/UNS/repos/VyVS/Tarea-08-AspectJ/src/main/java/logica/factories/infectados/InfectadoAlphaFactory.java
/Users/ijdotta/UNS/repos/VyVS/Tarea-08-AspectJ/src/main/java/logica/factories/EntidadFactory.java
/Users/ijdotta/UNS/repos/VyVS/Tarea-08-AspectJ/src/main/java/logica/factories/premios/PremioTemporalCuarentenaFactory.java
/Users/ijdotta/UNS/repos/VyVS/Tarea-08-AspectJ/src/main/java/logica/factories/premios/PremioTemporalSuperArmaFactory.java
/Users/ijdotta/UNS/repos/VyVS/Tarea-08-AspectJ/src/main/java/logica/factories/premios/PremioPermanentePocionFactory.java
/Users/ijdotta/UNS/repos/VyVS/Tarea-08-AspectJ/src/main/java/logica/entidadesGraficas/background/Background.java
/Users/ijdotta/UNS/repos/VyVS/Tarea-08-AspectJ/src/main/java/logica/entidadesGraficas/proyectiles/GraficoProyectilFuerte.java
/Users/ijdotta/UNS/repos/VyVS/Tarea-08-AspectJ/src/main/java/logica/entidadesGraficas/proyectiles/GraficoProyectilInfectado.java
/Users/ijdotta/UNS/repos/VyVS/Tarea-08-AspectJ/src/main/java/logica/entidadesGraficas/proyectiles/GraficoProyectilJugador.java
/Users/ijdotta/UNS/repos/VyVS/Tarea-08-AspectJ/src/main/java/logica/entidadesGraficas/jugador/GraficoJugador.java
/Users/ijdotta/UNS/repos/VyVS/Tarea-08-AspectJ/src/main/java/logica/entidadesGraficas/infectados/GraficoBeta.java
/Users/ijdotta/UNS/repos/VyVS/Tarea-08-AspectJ/src/main/java/logica/entidadesGraficas/infectados/GraficoAlpha.java
/Users/ijdotta/UNS/repos/VyVS/Tarea-08-AspectJ/src/main/java/logica/entidadesGraficas/EntidadGrafica.java
/Users/ijdotta/UNS/repos/VyVS/Tarea-08-AspectJ/src/main/java/logica/entidadesGraficas/premios/GraficoPocion.java
/Users/ijdotta/UNS/repos/VyVS/Tarea-08-AspectJ/src/main/java/logica/entidadesGraficas/premios/GraficoSuperArma.java
/Users/ijdotta/UNS/repos/VyVS/Tarea-08-AspectJ/src/main/java/logica/entidadesGraficas/premios/GraficoCuarentena.java
/Users/ijdotta/UNS/repos/VyVS/Tarea-08-AspectJ/src/main/java/logica/entidades/proyectiles/Proyectil_Jugador.java
/Users/ijdotta/UNS/repos/VyVS/Tarea-08-AspectJ/src/main/java/logica/entidades/proyectiles/Proyectil_Infectado.java
/Users/ijdotta/UNS/repos/VyVS/Tarea-08-AspectJ/src/main/java/logica/entidades/proyectiles/Proyectil.java
/Users/ijdotta/UNS/repos/VyVS/Tarea-08-AspectJ/src/main/java/logica/entidades/proyectiles/Proyectil_Fuerte.java
/Users/ijdotta/UNS/repos/VyVS/Tarea-08-AspectJ/src/main/java/logica/entidades/Entidad.java
/Users/ijdotta/UNS/repos/VyVS/Tarea-08-AspectJ/src/main/java/logica/entidades/jugador/Jugador.java
/Users/ijdotta/UNS/repos/VyVS/Tarea-08-AspectJ/src/main/java/logica/entidades/infectados/Alpha.java
/Users/ijdotta/UNS/repos/VyVS/Tarea-08-AspectJ/src/main/java/logica/entidades/infectados/Beta.java
/Users/ijdotta/UNS/repos/VyVS/Tarea-08-AspectJ/src/main/java/logica/entidades/infectados/Infectado.java
/Users/ijdotta/UNS/repos/VyVS/Tarea-08-AspectJ/src/main/java/logica/entidades/estados/InfectadoDefaultState.java
/Users/ijdotta/UNS/repos/VyVS/Tarea-08-AspectJ/src/main/java/logica/entidades/estados/DefaultState.java
/Users/ijdotta/UNS/repos/VyVS/Tarea-08-AspectJ/src/main/java/logica/entidades/estados/InfectadoCongeladoState.java
/Users/ijdotta/UNS/repos/VyVS/Tarea-08-AspectJ/src/main/java/logica/entidades/estados/State.java
/Users/ijdotta/UNS/repos/VyVS/Tarea-08-AspectJ/src/main/java/logica/entidades/premios/EfectoCuarentena.java
/Users/ijdotta/UNS/repos/VyVS/Tarea-08-AspectJ/src/main/java/logica/entidades/premios/Premio.java
/Users/ijdotta/UNS/repos/VyVS/Tarea-08-AspectJ/src/main/java/logica/entidades/premios/EfectoTemporal.java
/Users/ijdotta/UNS/repos/VyVS/Tarea-08-AspectJ/src/main/java/logica/entidades/premios/timers/TimerCuarentena.java
/Users/ijdotta/UNS/repos/VyVS/Tarea-08-AspectJ/src/main/java/logica/entidades/premios/timers/TimerP.java
/Users/ijdotta/UNS/repos/VyVS/Tarea-08-AspectJ/src/main/java/logica/entidades/premios/timers/TimerSuperArma.java
/Users/ijdotta/UNS/repos/VyVS/Tarea-08-AspectJ/src/main/java/logica/entidades/premios/EfectoPocion.java
/Users/ijdotta/UNS/repos/VyVS/Tarea-08-AspectJ/src/main/java/logica/entidades/premios/EfectoSuperArma.java
/Users/ijdotta/UNS/repos/VyVS/Tarea-08-AspectJ/src/main/java/logica/entidades/premios/EfectoPermanente.java
/Users/ijdotta/UNS/repos/VyVS/Tarea-08-AspectJ/src/main/java/logica/entidades/Personaje.java
